<?xml version="1.0" encoding="UTF-8"?>
<testsuite xmlns:xsi="http://www.w3.org/2001/XMLSchema-instance" xsi:noNamespaceSchemaLocation="https://maven.apache.org/surefire/maven-surefire-plugin/xsd/surefire-test-report-3.0.xsd" version="3.0" name="com.materialidentity.schemaservice.AppTest" time="0.016" tests="1" errors="0" skipped="0" failures="0">
  <properties>
    <property name="java.specification.version" value="21"/>
    <property name="sun.jnu.encoding" value="UTF-8"/>
    <property name="java.class.path" value="/Users/christoph/Projects/s1seven/schema-service/target/test-classes:/Users/christoph/Projects/s1seven/schema-service/target/classes:/Users/christoph/.m2/repository/javax/xml/bind/jaxb-api/2.3.1/jaxb-api-2.3.1.jar:/Users/christoph/.m2/repository/javax/activation/javax.activation-api/1.2.0/javax.activation-api-1.2.0.jar:/Users/christoph/.m2/repository/org/glassfish/jaxb/jaxb-runtime/2.3.3/jaxb-runtime-2.3.3.jar:/Users/christoph/.m2/repository/jakarta/xml/bind/jakarta.xml.bind-api/4.0.1/jakarta.xml.bind-api-4.0.1.jar:/Users/christoph/.m2/repository/org/glassfish/jaxb/txw2/4.0.4/txw2-4.0.4.jar:/Users/christoph/.m2/repository/com/sun/istack/istack-commons-runtime/4.1.2/istack-commons-runtime-4.1.2.jar:/Users/christoph/.m2/repository/com/sun/activation/jakarta.activation/1.2.2/jakarta.activation-1.2.2.jar:/Users/christoph/.m2/repository/junit/junit/3.8.1/junit-3.8.1.jar:/Users/christoph/.m2/repository/com/beust/jcommander/1.81/jcommander-1.81.jar:/Users/christoph/.m2/repository/net/sf/saxon/Saxon-HE/12.4/Saxon-HE-12.4.jar:/Users/christoph/.m2/repository/org/xmlresolver/xmlresolver/5.2.2/xmlresolver-5.2.2.jar:/Users/christoph/.m2/repository/org/apache/httpcomponents/client5/httpclient5/5.2.3/httpclient5-5.2.3.jar:/Users/christoph/.m2/repository/org/apache/httpcomponents/core5/httpcore5-h2/5.2.4/httpcore5-h2-5.2.4.jar:/Users/christoph/.m2/repository/org/slf4j/slf4j-api/2.0.12/slf4j-api-2.0.12.jar:/Users/christoph/.m2/repository/org/apache/httpcomponents/core5/httpcore5/5.2.4/httpcore5-5.2.4.jar:/Users/christoph/.m2/repository/org/xmlresolver/xmlresolver/5.2.2/xmlresolver-5.2.2-data.jar:/Users/christoph/.m2/repository/org/springframework/boot/spring-boot-starter-web/3.2.3/spring-boot-starter-web-3.2.3.jar:/Users/christoph/.m2/repository/org/springframework/boot/spring-boot-starter/3.2.3/spring-boot-starter-3.2.3.jar:/Users/christoph/.m2/repository/org/springframework/boot/spring-boot-starter-logging/3.2.3/spring-boot-starter-logging-3.2.3.jar:/Users/christoph/.m2/repository/ch/qos/logback/logback-classic/1.4.14/logback-classic-1.4.14.jar:/Users/christoph/.m2/repository/ch/qos/logback/logback-core/1.4.14/logback-core-1.4.14.jar:/Users/christoph/.m2/repository/org/apache/logging/log4j/log4j-to-slf4j/2.21.1/log4j-to-slf4j-2.21.1.jar:/Users/christoph/.m2/repository/org/apache/logging/log4j/log4j-api/2.21.1/log4j-api-2.21.1.jar:/Users/christoph/.m2/repository/org/slf4j/jul-to-slf4j/2.0.12/jul-to-slf4j-2.0.12.jar:/Users/christoph/.m2/repository/jakarta/annotation/jakarta.annotation-api/2.1.1/jakarta.annotation-api-2.1.1.jar:/Users/christoph/.m2/repository/org/springframework/spring-core/6.1.4/spring-core-6.1.4.jar:/Users/christoph/.m2/repository/org/springframework/spring-jcl/6.1.4/spring-jcl-6.1.4.jar:/Users/christoph/.m2/repository/org/yaml/snakeyaml/2.2/snakeyaml-2.2.jar:/Users/christoph/.m2/repository/org/springframework/boot/spring-boot-starter-json/3.2.3/spring-boot-starter-json-3.2.3.jar:/Users/christoph/.m2/repository/com/fasterxml/jackson/core/jackson-databind/2.15.4/jackson-databind-2.15.4.jar:/Users/christoph/.m2/repository/com/fasterxml/jackson/core/jackson-annotations/2.15.4/jackson-annotations-2.15.4.jar:/Users/christoph/.m2/repository/com/fasterxml/jackson/core/jackson-core/2.15.4/jackson-core-2.15.4.jar:/Users/christoph/.m2/repository/com/fasterxml/jackson/datatype/jackson-datatype-jdk8/2.15.4/jackson-datatype-jdk8-2.15.4.jar:/Users/christoph/.m2/repository/com/fasterxml/jackson/datatype/jackson-datatype-jsr310/2.15.4/jackson-datatype-jsr310-2.15.4.jar:/Users/christoph/.m2/repository/com/fasterxml/jackson/module/jackson-module-parameter-names/2.15.4/jackson-module-parameter-names-2.15.4.jar:/Users/christoph/.m2/repository/org/springframework/boot/spring-boot-starter-tomcat/3.2.3/spring-boot-starter-tomcat-3.2.3.jar:/Users/christoph/.m2/repository/org/apache/tomcat/embed/tomcat-embed-core/10.1.19/tomcat-embed-core-10.1.19.jar:/Users/christoph/.m2/repository/org/apache/tomcat/embed/tomcat-embed-el/10.1.19/tomcat-embed-el-10.1.19.jar:/Users/christoph/.m2/repository/org/apache/tomcat/embed/tomcat-embed-websocket/10.1.19/tomcat-embed-websocket-10.1.19.jar:/Users/christoph/.m2/repository/org/springframework/spring-web/6.1.4/spring-web-6.1.4.jar:/Users/christoph/.m2/repository/org/springframework/spring-beans/6.1.4/spring-beans-6.1.4.jar:/Users/christoph/.m2/repository/io/micrometer/micrometer-observation/1.12.3/micrometer-observation-1.12.3.jar:/Users/christoph/.m2/repository/io/micrometer/micrometer-commons/1.12.3/micrometer-commons-1.12.3.jar:/Users/christoph/.m2/repository/org/springframework/spring-webmvc/6.1.4/spring-webmvc-6.1.4.jar:/Users/christoph/.m2/repository/org/springframework/spring-aop/6.1.4/spring-aop-6.1.4.jar:/Users/christoph/.m2/repository/org/springframework/spring-context/6.1.4/spring-context-6.1.4.jar:/Users/christoph/.m2/repository/org/springframework/spring-expression/6.1.4/spring-expression-6.1.4.jar:/Users/christoph/.m2/repository/org/springframework/boot/spring-boot-devtools/3.2.3/spring-boot-devtools-3.2.3.jar:/Users/christoph/.m2/repository/org/springframework/boot/spring-boot/3.2.3/spring-boot-3.2.3.jar:/Users/christoph/.m2/repository/org/springframework/boot/spring-boot-autoconfigure/3.2.3/spring-boot-autoconfigure-3.2.3.jar:/Users/christoph/.m2/repository/org/json/json/20160212/json-20160212.jar:/Users/christoph/.m2/repository/org/apache/pdfbox/pdfbox/3.0.2/pdfbox-3.0.2.jar:/Users/christoph/.m2/repository/org/apache/pdfbox/pdfbox-io/3.0.2/pdfbox-io-3.0.2.jar:/Users/christoph/.m2/repository/org/apache/pdfbox/fontbox/3.0.2/fontbox-3.0.2.jar:/Users/christoph/.m2/repository/commons-logging/commons-logging/1.3.0/commons-logging-1.3.0.jar:/Users/christoph/.m2/repository/org/apache/xmlgraphics/fop/2.9/fop-2.9.jar:/Users/christoph/.m2/repository/org/apache/xmlgraphics/fop-util/2.9/fop-util-2.9.jar:/Users/christoph/.m2/repository/org/apache/xmlgraphics/xmlgraphics-commons/2.9/xmlgraphics-commons-2.9.jar:/Users/christoph/.m2/repository/org/apache/xmlgraphics/fop-events/2.9/fop-events-2.9.jar:/Users/christoph/.m2/repository/com/thoughtworks/qdox/qdox/1.12/qdox-1.12.jar:/Users/christoph/.m2/repository/commons-io/commons-io/2.11.0/commons-io-2.11.0.jar:/Users/christoph/.m2/repository/org/apache/xmlgraphics/fop-core/2.9/fop-core-2.9.jar:/Users/christoph/.m2/repository/org/apache/xmlgraphics/batik-anim/1.17/batik-anim-1.17.jar:/Users/christoph/.m2/repository/org/apache/xmlgraphics/batik-css/1.17/batik-css-1.17.jar:/Users/christoph/.m2/repository/org/apache/xmlgraphics/batik-dom/1.17/batik-dom-1.17.jar:/Users/christoph/.m2/repository/xml-apis/xml-apis/1.4.01/xml-apis-1.4.01.jar:/Users/christoph/.m2/repository/org/apache/xmlgraphics/batik-ext/1.17/batik-ext-1.17.jar:/Users/christoph/.m2/repository/org/apache/xmlgraphics/batik-parser/1.17/batik-parser-1.17.jar:/Users/christoph/.m2/repository/org/apache/xmlgraphics/batik-shared-resources/1.17/batik-shared-resources-1.17.jar:/Users/christoph/.m2/repository/org/apache/xmlgraphics/batik-svg-dom/1.17/batik-svg-dom-1.17.jar:/Users/christoph/.m2/repository/org/apache/xmlgraphics/batik-util/1.17/batik-util-1.17.jar:/Users/christoph/.m2/repository/org/apache/xmlgraphics/batik-constants/1.17/batik-constants-1.17.jar:/Users/christoph/.m2/repository/org/apache/xmlgraphics/batik-i18n/1.17/batik-i18n-1.17.jar:/Users/christoph/.m2/repository/xml-apis/xml-apis-ext/1.3.04/xml-apis-ext-1.3.04.jar:/Users/christoph/.m2/repository/org/apache/xmlgraphics/batik-awt-util/1.17/batik-awt-util-1.17.jar:/Users/christoph/.m2/repository/org/apache/xmlgraphics/batik-bridge/1.17/batik-bridge-1.17.jar:/Users/christoph/.m2/repository/org/apache/xmlgraphics/batik-script/1.17/batik-script-1.17.jar:/Users/christoph/.m2/repository/org/apache/xmlgraphics/batik-xml/1.17/batik-xml-1.17.jar:/Users/christoph/.m2/repository/org/apache/xmlgraphics/batik-extension/1.17/batik-extension-1.17.jar:/Users/christoph/.m2/repository/org/apache/xmlgraphics/batik-gvt/1.17/batik-gvt-1.17.jar:/Users/christoph/.m2/repository/org/apache/xmlgraphics/batik-transcoder/1.17/batik-transcoder-1.17.jar:/Users/christoph/.m2/repository/org/apache/xmlgraphics/batik-svggen/1.17/batik-svggen-1.17.jar:/Users/christoph/.m2/repository/org/apache/xmlgraphics/batik-codec/1.17/batik-codec-1.17.jar:"/>
    <property name="java.vm.vendor" value="Homebrew"/>
    <property name="sun.arch.data.model" value="64"/>
    <property name="java.vendor.url" value="https://github.com/Homebrew/homebrew-core/issues"/>
    <property name="os.name" value="Mac OS X"/>
    <property name="java.vm.specification.version" value="21"/>
    <property name="sun.java.launcher" value="SUN_STANDARD"/>
    <property name="user.country" value="AT"/>
    <property name="sun.boot.library.path" value="/opt/homebrew/Cellar/openjdk/21.0.2/libexec/openjdk.jdk/Contents/Home/lib"/>
    <property name="sun.java.command" value="/Users/christoph/Projects/s1seven/schema-service/target/surefire/surefirebooter-20240410151310642_3.jar /Users/christoph/Projects/s1seven/schema-service/target/surefire 2024-04-10T15-13-10_588-jvmRun1 surefire-20240410151310642_1tmp surefire_0-20240410151310642_2tmp"/>
    <property name="http.nonProxyHosts" value="local|*.local|169.254/16|*.169.254/16"/>
    <property name="jdk.debug" value="release"/>
    <property name="surefire.test.class.path" value="/Users/christoph/Projects/s1seven/schema-service/target/test-classes:/Users/christoph/Projects/s1seven/schema-service/target/classes:/Users/christoph/.m2/repository/javax/xml/bind/jaxb-api/2.3.1/jaxb-api-2.3.1.jar:/Users/christoph/.m2/repository/javax/activation/javax.activation-api/1.2.0/javax.activation-api-1.2.0.jar:/Users/christoph/.m2/repository/org/glassfish/jaxb/jaxb-runtime/2.3.3/jaxb-runtime-2.3.3.jar:/Users/christoph/.m2/repository/jakarta/xml/bind/jakarta.xml.bind-api/4.0.1/jakarta.xml.bind-api-4.0.1.jar:/Users/christoph/.m2/repository/org/glassfish/jaxb/txw2/4.0.4/txw2-4.0.4.jar:/Users/christoph/.m2/repository/com/sun/istack/istack-commons-runtime/4.1.2/istack-commons-runtime-4.1.2.jar:/Users/christoph/.m2/repository/com/sun/activation/jakarta.activation/1.2.2/jakarta.activation-1.2.2.jar:/Users/christoph/.m2/repository/junit/junit/3.8.1/junit-3.8.1.jar:/Users/christoph/.m2/repository/com/beust/jcommander/1.81/jcommander-1.81.jar:/Users/christoph/.m2/repository/net/sf/saxon/Saxon-HE/12.4/Saxon-HE-12.4.jar:/Users/christoph/.m2/repository/org/xmlresolver/xmlresolver/5.2.2/xmlresolver-5.2.2.jar:/Users/christoph/.m2/repository/org/apache/httpcomponents/client5/httpclient5/5.2.3/httpclient5-5.2.3.jar:/Users/christoph/.m2/repository/org/apache/httpcomponents/core5/httpcore5-h2/5.2.4/httpcore5-h2-5.2.4.jar:/Users/christoph/.m2/repository/org/slf4j/slf4j-api/2.0.12/slf4j-api-2.0.12.jar:/Users/christoph/.m2/repository/org/apache/httpcomponents/core5/httpcore5/5.2.4/httpcore5-5.2.4.jar:/Users/christoph/.m2/repository/org/xmlresolver/xmlresolver/5.2.2/xmlresolver-5.2.2-data.jar:/Users/christoph/.m2/repository/org/springframework/boot/spring-boot-starter-web/3.2.3/spring-boot-starter-web-3.2.3.jar:/Users/christoph/.m2/repository/org/springframework/boot/spring-boot-starter/3.2.3/spring-boot-starter-3.2.3.jar:/Users/christoph/.m2/repository/org/springframework/boot/spring-boot-starter-logging/3.2.3/spring-boot-starter-logging-3.2.3.jar:/Users/christoph/.m2/repository/ch/qos/logback/logback-classic/1.4.14/logback-classic-1.4.14.jar:/Users/christoph/.m2/repository/ch/qos/logback/logback-core/1.4.14/logback-core-1.4.14.jar:/Users/christoph/.m2/repository/org/apache/logging/log4j/log4j-to-slf4j/2.21.1/log4j-to-slf4j-2.21.1.jar:/Users/christoph/.m2/repository/org/apache/logging/log4j/log4j-api/2.21.1/log4j-api-2.21.1.jar:/Users/christoph/.m2/repository/org/slf4j/jul-to-slf4j/2.0.12/jul-to-slf4j-2.0.12.jar:/Users/christoph/.m2/repository/jakarta/annotation/jakarta.annotation-api/2.1.1/jakarta.annotation-api-2.1.1.jar:/Users/christoph/.m2/repository/org/springframework/spring-core/6.1.4/spring-core-6.1.4.jar:/Users/christoph/.m2/repository/org/springframework/spring-jcl/6.1.4/spring-jcl-6.1.4.jar:/Users/christoph/.m2/repository/org/yaml/snakeyaml/2.2/snakeyaml-2.2.jar:/Users/christoph/.m2/repository/org/springframework/boot/spring-boot-starter-json/3.2.3/spring-boot-starter-json-3.2.3.jar:/Users/christoph/.m2/repository/com/fasterxml/jackson/core/jackson-databind/2.15.4/jackson-databind-2.15.4.jar:/Users/christoph/.m2/repository/com/fasterxml/jackson/core/jackson-annotations/2.15.4/jackson-annotations-2.15.4.jar:/Users/christoph/.m2/repository/com/fasterxml/jackson/core/jackson-core/2.15.4/jackson-core-2.15.4.jar:/Users/christoph/.m2/repository/com/fasterxml/jackson/datatype/jackson-datatype-jdk8/2.15.4/jackson-datatype-jdk8-2.15.4.jar:/Users/christoph/.m2/repository/com/fasterxml/jackson/datatype/jackson-datatype-jsr310/2.15.4/jackson-datatype-jsr310-2.15.4.jar:/Users/christoph/.m2/repository/com/fasterxml/jackson/module/jackson-module-parameter-names/2.15.4/jackson-module-parameter-names-2.15.4.jar:/Users/christoph/.m2/repository/org/springframework/boot/spring-boot-starter-tomcat/3.2.3/spring-boot-starter-tomcat-3.2.3.jar:/Users/christoph/.m2/repository/org/apache/tomcat/embed/tomcat-embed-core/10.1.19/tomcat-embed-core-10.1.19.jar:/Users/christoph/.m2/repository/org/apache/tomcat/embed/tomcat-embed-el/10.1.19/tomcat-embed-el-10.1.19.jar:/Users/christoph/.m2/repository/org/apache/tomcat/embed/tomcat-embed-websocket/10.1.19/tomcat-embed-websocket-10.1.19.jar:/Users/christoph/.m2/repository/org/springframework/spring-web/6.1.4/spring-web-6.1.4.jar:/Users/christoph/.m2/repository/org/springframework/spring-beans/6.1.4/spring-beans-6.1.4.jar:/Users/christoph/.m2/repository/io/micrometer/micrometer-observation/1.12.3/micrometer-observation-1.12.3.jar:/Users/christoph/.m2/repository/io/micrometer/micrometer-commons/1.12.3/micrometer-commons-1.12.3.jar:/Users/christoph/.m2/repository/org/springframework/spring-webmvc/6.1.4/spring-webmvc-6.1.4.jar:/Users/christoph/.m2/repository/org/springframework/spring-aop/6.1.4/spring-aop-6.1.4.jar:/Users/christoph/.m2/repository/org/springframework/spring-context/6.1.4/spring-context-6.1.4.jar:/Users/christoph/.m2/repository/org/springframework/spring-expression/6.1.4/spring-expression-6.1.4.jar:/Users/christoph/.m2/repository/org/springframework/boot/spring-boot-devtools/3.2.3/spring-boot-devtools-3.2.3.jar:/Users/christoph/.m2/repository/org/springframework/boot/spring-boot/3.2.3/spring-boot-3.2.3.jar:/Users/christoph/.m2/repository/org/springframework/boot/spring-boot-autoconfigure/3.2.3/spring-boot-autoconfigure-3.2.3.jar:/Users/christoph/.m2/repository/org/json/json/20160212/json-20160212.jar:/Users/christoph/.m2/repository/org/apache/pdfbox/pdfbox/3.0.2/pdfbox-3.0.2.jar:/Users/christoph/.m2/repository/org/apache/pdfbox/pdfbox-io/3.0.2/pdfbox-io-3.0.2.jar:/Users/christoph/.m2/repository/org/apache/pdfbox/fontbox/3.0.2/fontbox-3.0.2.jar:/Users/christoph/.m2/repository/commons-logging/commons-logging/1.3.0/commons-logging-1.3.0.jar:/Users/christoph/.m2/repository/org/apache/xmlgraphics/fop/2.9/fop-2.9.jar:/Users/christoph/.m2/repository/org/apache/xmlgraphics/fop-util/2.9/fop-util-2.9.jar:/Users/christoph/.m2/repository/org/apache/xmlgraphics/xmlgraphics-commons/2.9/xmlgraphics-commons-2.9.jar:/Users/christoph/.m2/repository/org/apache/xmlgraphics/fop-events/2.9/fop-events-2.9.jar:/Users/christoph/.m2/repository/com/thoughtworks/qdox/qdox/1.12/qdox-1.12.jar:/Users/christoph/.m2/repository/commons-io/commons-io/2.11.0/commons-io-2.11.0.jar:/Users/christoph/.m2/repository/org/apache/xmlgraphics/fop-core/2.9/fop-core-2.9.jar:/Users/christoph/.m2/repository/org/apache/xmlgraphics/batik-anim/1.17/batik-anim-1.17.jar:/Users/christoph/.m2/repository/org/apache/xmlgraphics/batik-css/1.17/batik-css-1.17.jar:/Users/christoph/.m2/repository/org/apache/xmlgraphics/batik-dom/1.17/batik-dom-1.17.jar:/Users/christoph/.m2/repository/xml-apis/xml-apis/1.4.01/xml-apis-1.4.01.jar:/Users/christoph/.m2/repository/org/apache/xmlgraphics/batik-ext/1.17/batik-ext-1.17.jar:/Users/christoph/.m2/repository/org/apache/xmlgraphics/batik-parser/1.17/batik-parser-1.17.jar:/Users/christoph/.m2/repository/org/apache/xmlgraphics/batik-shared-resources/1.17/batik-shared-resources-1.17.jar:/Users/christoph/.m2/repository/org/apache/xmlgraphics/batik-svg-dom/1.17/batik-svg-dom-1.17.jar:/Users/christoph/.m2/repository/org/apache/xmlgraphics/batik-util/1.17/batik-util-1.17.jar:/Users/christoph/.m2/repository/org/apache/xmlgraphics/batik-constants/1.17/batik-constants-1.17.jar:/Users/christoph/.m2/repository/org/apache/xmlgraphics/batik-i18n/1.17/batik-i18n-1.17.jar:/Users/christoph/.m2/repository/xml-apis/xml-apis-ext/1.3.04/xml-apis-ext-1.3.04.jar:/Users/christoph/.m2/repository/org/apache/xmlgraphics/batik-awt-util/1.17/batik-awt-util-1.17.jar:/Users/christoph/.m2/repository/org/apache/xmlgraphics/batik-bridge/1.17/batik-bridge-1.17.jar:/Users/christoph/.m2/repository/org/apache/xmlgraphics/batik-script/1.17/batik-script-1.17.jar:/Users/christoph/.m2/repository/org/apache/xmlgraphics/batik-xml/1.17/batik-xml-1.17.jar:/Users/christoph/.m2/repository/org/apache/xmlgraphics/batik-extension/1.17/batik-extension-1.17.jar:/Users/christoph/.m2/repository/org/apache/xmlgraphics/batik-gvt/1.17/batik-gvt-1.17.jar:/Users/christoph/.m2/repository/org/apache/xmlgraphics/batik-transcoder/1.17/batik-transcoder-1.17.jar:/Users/christoph/.m2/repository/org/apache/xmlgraphics/batik-svggen/1.17/batik-svggen-1.17.jar:/Users/christoph/.m2/repository/org/apache/xmlgraphics/batik-codec/1.17/batik-codec-1.17.jar:"/>
    <property name="sun.cpu.endian" value="little"/>
    <property name="user.home" value="/Users/christoph"/>
    <property name="user.language" value="en"/>
    <property name="java.specification.vendor" value="Oracle Corporation"/>
    <property name="java.version.date" value="2024-01-16"/>
    <property name="java.home" value="/opt/homebrew/Cellar/openjdk/21.0.2/libexec/openjdk.jdk/Contents/Home"/>
    <property name="file.separator" value="/"/>
    <property name="basedir" value="/Users/christoph/Projects/s1seven/schema-service"/>
    <property name="java.vm.compressedOopsMode" value="Zero based"/>
    <property name="line.separator" value="&#10;"/>
    <property name="java.vm.specification.vendor" value="Oracle Corporation"/>
    <property name="java.specification.name" value="Java Platform API Specification"/>
    <property name="apple.awt.application.name" value="ForkedBooter"/>
    <property name="surefire.real.class.path" value="/Users/christoph/Projects/s1seven/schema-service/target/surefire/surefirebooter-20240410151310642_3.jar"/>
    <property name="sun.management.compiler" value="HotSpot 64-Bit Tiered Compilers"/>
    <property name="ftp.nonProxyHosts" value="local|*.local|169.254/16|*.169.254/16"/>
    <property name="java.runtime.version" value="21.0.2"/>
    <property name="user.name" value="christoph"/>
    <property name="stdout.encoding" value="UTF-8"/>
    <property name="path.separator" value=":"/>
    <property name="os.version" value="14.4.1"/>
    <property name="java.runtime.name" value="OpenJDK Runtime Environment"/>
    <property name="file.encoding" value="UTF-8"/>
    <property name="java.vm.name" value="OpenJDK 64-Bit Server VM"/>
    <property name="java.vendor.version" value="Homebrew"/>
    <property name="localRepository" value="/Users/christoph/.m2/repository"/>
    <property name="java.vendor.url.bug" value="https://github.com/Homebrew/homebrew-core/issues"/>
    <property name="java.io.tmpdir" value="/var/folders/gq/2zf2cfpj7ndf0r1k59wpd7ph0000gn/T/"/>
    <property name="java.version" value="21.0.2"/>
    <property name="user.dir" value="/Users/christoph/Projects/s1seven/schema-service"/>
    <property name="os.arch" value="aarch64"/>
    <property name="java.vm.specification.name" value="Java Virtual Machine Specification"/>
    <property name="native.encoding" value="UTF-8"/>
    <property name="java.library.path" value="/Users/christoph/Library/Java/Extensions:/Library/Java/Extensions:/Network/Library/Java/Extensions:/System/Library/Java/Extensions:/usr/lib/java:."/>
    <property name="java.vm.info" value="mixed mode, sharing"/>
    <property name="stderr.encoding" value="UTF-8"/>
    <property name="java.vendor" value="Homebrew"/>
    <property name="java.vm.version" value="21.0.2"/>
    <property name="sun.io.unicode.encoding" value="UnicodeBig"/>
    <property name="socksNonProxyHosts" value="local|*.local|169.254/16|*.169.254/16"/>
    <property name="java.class.version" value="65.0"/>
  </properties>
  <testcase name="testApp" classname="com.materialidentity.schemaservice.AppTest" time="0.002"/>
</testsuite>